<?xml version="1.0" encoding="UTF-8"?>
<!-- Generated by org.testng.reporters.JUnitXMLReporter -->
<testsuite hostname="User" ignored="0" name="tngSdetDemoApplicationTests" tests="2" failures="1" timestamp="13 Jun 2018 20:38:35 GMT" time="53.578" errors="0">
  <testcase name="testRestAPI" time="0.129" classname="com.hcg.tngSdetDemoApplicationTests">
    <failure type="java.lang.AssertionError" message="Unexpected state largest city value: 
Expected: not null
     but: was null">
      <![CDATA[java.lang.AssertionError: Unexpected state largest city value: 
Expected: not null
     but: was null
	at org.hamcrest.MatcherAssert.assertThat(MatcherAssert.java:20)
	at com.hcg.tngSdetDemoApplicationTests.lambda$0(tngSdetDemoApplicationTests.java:91)
	at java.util.ArrayList.forEach(Unknown Source)
	at com.hcg.tngSdetDemoApplicationTests.testRestAPI(tngSdetDemoApplicationTests.java:77)
	at org.springframework.test.context.testng.AbstractTestNGSpringContextTests.run(AbstractTestNGSpringContextTests.java:180)
	at java.util.concurrent.FutureTask.run(Unknown Source)
	at java.util.concurrent.ThreadPoolExecutor.runWorker(Unknown Source)
	at java.util.concurrent.ThreadPoolExecutor$Worker.run(Unknown Source)
	at java.lang.Thread.run(Unknown Source)
... Removed 18 stack frames]]>
    </failure>
  </testcase> <!-- testRestAPI -->
  <testcase name="testUserInterface" time="49.924" classname="com.hcg.tngSdetDemoApplicationTests"/>
</testsuite> <!-- tngSdetDemoApplicationTests -->
