<?xml version="1.0" encoding="UTF-8"?>
<!-- Generated by org.testng.reporters.JUnitXMLReporter -->
<testsuite hostname="User" ignored="0" name="TngSdetRestApiTest" tests="1" failures="1" timestamp="16 Jun 2018 04:28:06 GMT" time="3.923" errors="0">
  <testcase name="testRestAPI" time="0.143" classname="com.hcg.TngSdetRestApiTest">
    <failure type="java.lang.AssertionError" message="Unexpected state largest city value: 
Expected: not null
     but: was null">
      <![CDATA[java.lang.AssertionError: Unexpected state largest city value: 
Expected: not null
     but: was null
	at org.hamcrest.MatcherAssert.assertThat(MatcherAssert.java:20)
	at com.hcg.TngSdetRestApiTest.lambda$0(TngSdetRestApiTest.java:83)
	at java.util.ArrayList.forEach(ArrayList.java:1257)
	at com.hcg.TngSdetRestApiTest.testRestAPI(TngSdetRestApiTest.java:69)
	at org.springframework.test.context.testng.AbstractTestNGSpringContextTests.run(AbstractTestNGSpringContextTests.java:180)
	at java.util.concurrent.FutureTask.run(FutureTask.java:266)
	at java.util.concurrent.ThreadPoolExecutor.runWorker(ThreadPoolExecutor.java:1149)
	at java.util.concurrent.ThreadPoolExecutor$Worker.run(ThreadPoolExecutor.java:624)
	at java.lang.Thread.run(Thread.java:748)
... Removed 18 stack frames]]>
    </failure>
  </testcase> <!-- testRestAPI -->
</testsuite> <!-- TngSdetRestApiTest -->
